C251 COMPILER V5.60.0,  OLEDFONT                                                           24/01/26  19:25:50  PAGE 1   


C251 COMPILER V5.60.0, COMPILATION OF MODULE OLEDFONT
OBJECT MODULE PLACED IN .\out_file\OLEDFONT.obj
COMPILER INVOKED BY: C:\Keil_v5\C251\BIN\C251.EXE ..\code\OLEDFONT.c LARGE NOALIAS WARNINGLEVEL(3) OPTIMIZE(0,SIZE) BROW
                    -SE INCDIR(..\..\libraries\zf_common;..\..\libraries\zf_components;..\..\libraries\zf_device;..\..\libraries\zf_driver;..
                    -\user;..\code) DEBUG PRINT(.\out_file\OLEDFONT.lst) OBJECT(.\out_file\OLEDFONT.obj) 

stmt  level    source

    1          #include "zf_common_headfile.h"
    2          
    3          /* OLED×ÖÄ£¿â£¬¿í8ÏñËØ£¬¸ß16ÏñËØ */
    4          const uint8 OLED_F8x16[][16] =
    5          {
    6              0x00,0x00,0x00,0x00,0x00,0x00,0x00,0x00,
    7                  0x00,0x00,0x00,0x00,0x00,0x00,0x00,0x00,//  0
    8                  
    9                  0x00,0x00,0x00,0xF8,0x00,0x00,0x00,0x00,
   10                  0x00,0x00,0x00,0x33,0x30,0x00,0x00,0x00,//! 1
   11                  
   12                  0x00,0x10,0x0C,0x06,0x10,0x0C,0x06,0x00,
   13                  0x00,0x00,0x00,0x00,0x00,0x00,0x00,0x00,//" 2
   14                  
   15                  0x40,0xC0,0x78,0x40,0xC0,0x78,0x40,0x00,
   16                  0x04,0x3F,0x04,0x04,0x3F,0x04,0x04,0x00,//# 3
   17                  
   18                  0x00,0x70,0x88,0xFC,0x08,0x30,0x00,0x00,
   19                  0x00,0x18,0x20,0xFF,0x21,0x1E,0x00,0x00,//$ 4
   20                  
   21                  0xF0,0x08,0xF0,0x00,0xE0,0x18,0x00,0x00,
   22                  0x00,0x21,0x1C,0x03,0x1E,0x21,0x1E,0x00,//% 5
   23                  
   24                  0x00,0xF0,0x08,0x88,0x70,0x00,0x00,0x00,
   25                  0x1E,0x21,0x23,0x24,0x19,0x27,0x21,0x10,//& 6
   26                  
   27                  0x10,0x16,0x0E,0x00,0x00,0x00,0x00,0x00,
   28                  0x00,0x00,0x00,0x00,0x00,0x00,0x00,0x00,//' 7
   29                  
   30                  0x00,0x00,0x00,0xE0,0x18,0x04,0x02,0x00,
   31                  0x00,0x00,0x00,0x07,0x18,0x20,0x40,0x00,//( 8
   32                  
   33                  0x00,0x02,0x04,0x18,0xE0,0x00,0x00,0x00,
   34                  0x00,0x40,0x20,0x18,0x07,0x00,0x00,0x00,//) 9
   35                  
   36                  0x40,0x40,0x80,0xF0,0x80,0x40,0x40,0x00,
   37                  0x02,0x02,0x01,0x0F,0x01,0x02,0x02,0x00,//* 10
   38                  
   39                  0x00,0x00,0x00,0xF0,0x00,0x00,0x00,0x00,
   40                  0x01,0x01,0x01,0x1F,0x01,0x01,0x01,0x00,//+ 11
   41                  
   42                  0x00,0x00,0x00,0x00,0x00,0x00,0x00,0x00,
   43                  0x80,0xB0,0x70,0x00,0x00,0x00,0x00,0x00,//, 12
   44                  
   45                  0x00,0x00,0x00,0x00,0x00,0x00,0x00,0x00,
   46                  0x00,0x01,0x01,0x01,0x01,0x01,0x01,0x01,//- 13
   47                  
   48                  0x00,0x00,0x00,0x00,0x00,0x00,0x00,0x00,
   49                  0x00,0x30,0x30,0x00,0x00,0x00,0x00,0x00,//. 14
   50                  
   51                  0x00,0x00,0x00,0x00,0x80,0x60,0x18,0x04,
   52                  0x00,0x60,0x18,0x06,0x01,0x00,0x00,0x00,/// 15
   53                  
   54                  0x00,0xE0,0x10,0x08,0x08,0x10,0xE0,0x00,
   55                  0x00,0x0F,0x10,0x20,0x20,0x10,0x0F,0x00,//0 16
   56                  
   57                  0x00,0x10,0x10,0xF8,0x00,0x00,0x00,0x00,
C251 COMPILER V5.60.0,  OLEDFONT                                                           24/01/26  19:25:50  PAGE 2   

   58                  0x00,0x20,0x20,0x3F,0x20,0x20,0x00,0x00,//1 17
   59                  
   60                  0x00,0x70,0x08,0x08,0x08,0x88,0x70,0x00,
   61                  0x00,0x30,0x28,0x24,0x22,0x21,0x30,0x00,//2 18
   62                  
   63                  0x00,0x30,0x08,0x88,0x88,0x48,0x30,0x00,
   64                  0x00,0x18,0x20,0x20,0x20,0x11,0x0E,0x00,//3 19
   65                  
   66                  0x00,0x00,0xC0,0x20,0x10,0xF8,0x00,0x00,
   67                  0x00,0x07,0x04,0x24,0x24,0x3F,0x24,0x00,//4 20
   68                  
   69                  0x00,0xF8,0x08,0x88,0x88,0x08,0x08,0x00,
   70                  0x00,0x19,0x21,0x20,0x20,0x11,0x0E,0x00,//5 21
   71                  
   72                  0x00,0xE0,0x10,0x88,0x88,0x18,0x00,0x00,
   73                  0x00,0x0F,0x11,0x20,0x20,0x11,0x0E,0x00,//6 22
   74                  
   75                  0x00,0x38,0x08,0x08,0xC8,0x38,0x08,0x00,
   76                  0x00,0x00,0x00,0x3F,0x00,0x00,0x00,0x00,//7 23
   77                  
   78                  0x00,0x70,0x88,0x08,0x08,0x88,0x70,0x00,
   79                  0x00,0x1C,0x22,0x21,0x21,0x22,0x1C,0x00,//8 24
   80                  
   81                  0x00,0xE0,0x10,0x08,0x08,0x10,0xE0,0x00,
   82                  0x00,0x00,0x31,0x22,0x22,0x11,0x0F,0x00,//9 25
   83                  
   84                  0x00,0x00,0x00,0xC0,0xC0,0x00,0x00,0x00,
   85                  0x00,0x00,0x00,0x30,0x30,0x00,0x00,0x00,//: 26
   86                  
   87                  0x00,0x00,0x00,0x80,0x00,0x00,0x00,0x00,
   88                  0x00,0x00,0x80,0x60,0x00,0x00,0x00,0x00,//; 27
   89                  
   90                  0x00,0x00,0x80,0x40,0x20,0x10,0x08,0x00,
   91                  0x00,0x01,0x02,0x04,0x08,0x10,0x20,0x00,//< 28
   92                  
   93                  0x40,0x40,0x40,0x40,0x40,0x40,0x40,0x00,
   94                  0x04,0x04,0x04,0x04,0x04,0x04,0x04,0x00,//= 29
   95                  
   96                  0x00,0x08,0x10,0x20,0x40,0x80,0x00,0x00,
   97                  0x00,0x20,0x10,0x08,0x04,0x02,0x01,0x00,//> 30
   98                  
   99                  0x00,0x70,0x48,0x08,0x08,0x08,0xF0,0x00,
  100                  0x00,0x00,0x00,0x30,0x36,0x01,0x00,0x00,//? 31
  101                  
  102                  0xC0,0x30,0xC8,0x28,0xE8,0x10,0xE0,0x00,
  103                  0x07,0x18,0x27,0x24,0x23,0x14,0x0B,0x00,//@ 32
  104                  
  105                  0x00,0x00,0xC0,0x38,0xE0,0x00,0x00,0x00,
  106                  0x20,0x3C,0x23,0x02,0x02,0x27,0x38,0x20,//A 33
  107                  
  108                  0x08,0xF8,0x88,0x88,0x88,0x70,0x00,0x00,
  109                  0x20,0x3F,0x20,0x20,0x20,0x11,0x0E,0x00,//B 34
  110                  
  111                  0xC0,0x30,0x08,0x08,0x08,0x08,0x38,0x00,
  112                  0x07,0x18,0x20,0x20,0x20,0x10,0x08,0x00,//C 35
  113                  
  114                  0x08,0xF8,0x08,0x08,0x08,0x10,0xE0,0x00,
  115                  0x20,0x3F,0x20,0x20,0x20,0x10,0x0F,0x00,//D 36
  116                  
  117                  0x08,0xF8,0x88,0x88,0xE8,0x08,0x10,0x00,
  118                  0x20,0x3F,0x20,0x20,0x23,0x20,0x18,0x00,//E 37
  119                  
  120                  0x08,0xF8,0x88,0x88,0xE8,0x08,0x10,0x00,
  121                  0x20,0x3F,0x20,0x00,0x03,0x00,0x00,0x00,//F 38
  122                  
  123                  0xC0,0x30,0x08,0x08,0x08,0x38,0x00,0x00,
C251 COMPILER V5.60.0,  OLEDFONT                                                           24/01/26  19:25:50  PAGE 3   

  124                  0x07,0x18,0x20,0x20,0x22,0x1E,0x02,0x00,//G 39
  125                  
  126                  0x08,0xF8,0x08,0x00,0x00,0x08,0xF8,0x08,
  127                  0x20,0x3F,0x21,0x01,0x01,0x21,0x3F,0x20,//H 40
  128                  
  129                  0x00,0x08,0x08,0xF8,0x08,0x08,0x00,0x00,
  130                  0x00,0x20,0x20,0x3F,0x20,0x20,0x00,0x00,//I 41
  131                  
  132                  0x00,0x00,0x08,0x08,0xF8,0x08,0x08,0x00,
  133                  0xC0,0x80,0x80,0x80,0x7F,0x00,0x00,0x00,//J 42
  134                  
  135                  0x08,0xF8,0x88,0xC0,0x28,0x18,0x08,0x00,
  136                  0x20,0x3F,0x20,0x01,0x26,0x38,0x20,0x00,//K 43
  137                  
  138                  0x08,0xF8,0x08,0x00,0x00,0x00,0x00,0x00,
  139                  0x20,0x3F,0x20,0x20,0x20,0x20,0x30,0x00,//L 44
  140                  
  141                  0x08,0xF8,0xF8,0x00,0xF8,0xF8,0x08,0x00,
  142                  0x20,0x3F,0x00,0x3F,0x00,0x3F,0x20,0x00,//M 45
  143                  
  144                  0x08,0xF8,0x30,0xC0,0x00,0x08,0xF8,0x08,
  145                  0x20,0x3F,0x20,0x00,0x07,0x18,0x3F,0x00,//N 46
  146                  
  147                  0xE0,0x10,0x08,0x08,0x08,0x10,0xE0,0x00,
  148                  0x0F,0x10,0x20,0x20,0x20,0x10,0x0F,0x00,//O 47
  149                  
  150                  0x08,0xF8,0x08,0x08,0x08,0x08,0xF0,0x00,
  151                  0x20,0x3F,0x21,0x01,0x01,0x01,0x00,0x00,//P 48
  152                  
  153                  0xE0,0x10,0x08,0x08,0x08,0x10,0xE0,0x00,
  154                  0x0F,0x18,0x24,0x24,0x38,0x50,0x4F,0x00,//Q 49
  155                  
  156                  0x08,0xF8,0x88,0x88,0x88,0x88,0x70,0x00,
  157                  0x20,0x3F,0x20,0x00,0x03,0x0C,0x30,0x20,//R 50
  158                  
  159                  0x00,0x70,0x88,0x08,0x08,0x08,0x38,0x00,
  160                  0x00,0x38,0x20,0x21,0x21,0x22,0x1C,0x00,//S 51
  161                  
  162                  0x18,0x08,0x08,0xF8,0x08,0x08,0x18,0x00,
  163                  0x00,0x00,0x20,0x3F,0x20,0x00,0x00,0x00,//T 52
  164                  
  165                  0x08,0xF8,0x08,0x00,0x00,0x08,0xF8,0x08,
  166                  0x00,0x1F,0x20,0x20,0x20,0x20,0x1F,0x00,//U 53
  167                  
  168                  0x08,0x78,0x88,0x00,0x00,0xC8,0x38,0x08,
  169                  0x00,0x00,0x07,0x38,0x0E,0x01,0x00,0x00,//V 54
  170                  
  171                  0xF8,0x08,0x00,0xF8,0x00,0x08,0xF8,0x00,
  172                  0x03,0x3C,0x07,0x00,0x07,0x3C,0x03,0x00,//W 55
  173                  
  174                  0x08,0x18,0x68,0x80,0x80,0x68,0x18,0x08,
  175                  0x20,0x30,0x2C,0x03,0x03,0x2C,0x30,0x20,//X 56
  176                  
  177                  0x08,0x38,0xC8,0x00,0xC8,0x38,0x08,0x00,
  178                  0x00,0x00,0x20,0x3F,0x20,0x00,0x00,0x00,//Y 57
  179                  
  180                  0x10,0x08,0x08,0x08,0xC8,0x38,0x08,0x00,
  181                  0x20,0x38,0x26,0x21,0x20,0x20,0x18,0x00,//Z 58
  182                  
  183                  0x00,0x00,0x00,0xFE,0x02,0x02,0x02,0x00,
  184                  0x00,0x00,0x00,0x7F,0x40,0x40,0x40,0x00,//[ 59
  185                  
  186                  0x00,0x0C,0x30,0xC0,0x00,0x00,0x00,0x00,
  187                  0x00,0x00,0x00,0x01,0x06,0x38,0xC0,0x00,//\ 60
  188                  
  189                  0x00,0x02,0x02,0x02,0xFE,0x00,0x00,0x00,
C251 COMPILER V5.60.0,  OLEDFONT                                                           24/01/26  19:25:50  PAGE 4   

  190                  0x00,0x40,0x40,0x40,0x7F,0x00,0x00,0x00,//] 61
  191                  
  192                  0x00,0x00,0x04,0x02,0x02,0x02,0x04,0x00,
  193                  0x00,0x00,0x00,0x00,0x00,0x00,0x00,0x00,//^ 62
  194                  
  195                  0x00,0x00,0x00,0x00,0x00,0x00,0x00,0x00,
  196                  0x80,0x80,0x80,0x80,0x80,0x80,0x80,0x80,//_ 63
  197                  
  198                  0x00,0x02,0x02,0x04,0x00,0x00,0x00,0x00,
  199                  0x00,0x00,0x00,0x00,0x00,0x00,0x00,0x00,//` 64
  200                  
  201                  0x00,0x00,0x80,0x80,0x80,0x80,0x00,0x00,
  202                  0x00,0x19,0x24,0x22,0x22,0x22,0x3F,0x20,//a 65
  203                  
  204                  0x08,0xF8,0x00,0x80,0x80,0x00,0x00,0x00,
  205                  0x00,0x3F,0x11,0x20,0x20,0x11,0x0E,0x00,//b 66
  206                  
  207                  0x00,0x00,0x00,0x80,0x80,0x80,0x00,0x00,
  208                  0x00,0x0E,0x11,0x20,0x20,0x20,0x11,0x00,//c 67
  209                  
  210                  0x00,0x00,0x00,0x80,0x80,0x88,0xF8,0x00,
  211                  0x00,0x0E,0x11,0x20,0x20,0x10,0x3F,0x20,//d 68
  212                  
  213                  0x00,0x00,0x80,0x80,0x80,0x80,0x00,0x00,
  214                  0x00,0x1F,0x22,0x22,0x22,0x22,0x13,0x00,//e 69
  215                  
  216                  0x00,0x80,0x80,0xF0,0x88,0x88,0x88,0x18,
  217                  0x00,0x20,0x20,0x3F,0x20,0x20,0x00,0x00,//f 70
  218                  
  219                  0x00,0x00,0x80,0x80,0x80,0x80,0x80,0x00,
  220                  0x00,0x6B,0x94,0x94,0x94,0x93,0x60,0x00,//g 71
  221                  
  222                  0x08,0xF8,0x00,0x80,0x80,0x80,0x00,0x00,
  223                  0x20,0x3F,0x21,0x00,0x00,0x20,0x3F,0x20,//h 72
  224                  
  225                  0x00,0x80,0x98,0x98,0x00,0x00,0x00,0x00,
  226                  0x00,0x20,0x20,0x3F,0x20,0x20,0x00,0x00,//i 73
  227                  
  228                  0x00,0x00,0x00,0x80,0x98,0x98,0x00,0x00,
  229                  0x00,0xC0,0x80,0x80,0x80,0x7F,0x00,0x00,//j 74
  230                  
  231                  0x08,0xF8,0x00,0x00,0x80,0x80,0x80,0x00,
  232                  0x20,0x3F,0x24,0x02,0x2D,0x30,0x20,0x00,//k 75
  233                  
  234                  0x00,0x08,0x08,0xF8,0x00,0x00,0x00,0x00,
  235                  0x00,0x20,0x20,0x3F,0x20,0x20,0x00,0x00,//l 76
  236                  
  237                  0x80,0x80,0x80,0x80,0x80,0x80,0x80,0x00,
  238                  0x20,0x3F,0x20,0x00,0x3F,0x20,0x00,0x3F,//m 77
  239                  
  240                  0x80,0x80,0x00,0x80,0x80,0x80,0x00,0x00,
  241                  0x20,0x3F,0x21,0x00,0x00,0x20,0x3F,0x20,//n 78
  242                  
  243                  0x00,0x00,0x80,0x80,0x80,0x80,0x00,0x00,
  244                  0x00,0x1F,0x20,0x20,0x20,0x20,0x1F,0x00,//o 79
  245                  
  246                  0x80,0x80,0x00,0x80,0x80,0x00,0x00,0x00,
  247                  0x80,0xFF,0xA1,0x20,0x20,0x11,0x0E,0x00,//p 80
  248                  
  249                  0x00,0x00,0x00,0x80,0x80,0x80,0x80,0x00,
  250                  0x00,0x0E,0x11,0x20,0x20,0xA0,0xFF,0x80,//q 81
  251                  
  252                  0x80,0x80,0x80,0x00,0x80,0x80,0x80,0x00,
  253                  0x20,0x20,0x3F,0x21,0x20,0x00,0x01,0x00,//r 82
  254                  
  255                  0x00,0x00,0x80,0x80,0x80,0x80,0x80,0x00,
C251 COMPILER V5.60.0,  OLEDFONT                                                           24/01/26  19:25:50  PAGE 5   

  256                  0x00,0x33,0x24,0x24,0x24,0x24,0x19,0x00,//s 83
  257                  
  258                  0x00,0x80,0x80,0xE0,0x80,0x80,0x00,0x00,
  259                  0x00,0x00,0x00,0x1F,0x20,0x20,0x00,0x00,//t 84
  260                  
  261                  0x80,0x80,0x00,0x00,0x00,0x80,0x80,0x00,
  262                  0x00,0x1F,0x20,0x20,0x20,0x10,0x3F,0x20,//u 85
  263                  
  264                  0x80,0x80,0x80,0x00,0x00,0x80,0x80,0x80,
  265                  0x00,0x01,0x0E,0x30,0x08,0x06,0x01,0x00,//v 86
  266                  
  267                  0x80,0x80,0x00,0x80,0x00,0x80,0x80,0x80,
  268                  0x0F,0x30,0x0C,0x03,0x0C,0x30,0x0F,0x00,//w 87
  269                  
  270                  0x00,0x80,0x80,0x00,0x80,0x80,0x80,0x00,
  271                  0x00,0x20,0x31,0x2E,0x0E,0x31,0x20,0x00,//x 88
  272                  
  273                  0x80,0x80,0x80,0x00,0x00,0x80,0x80,0x80,
  274                  0x80,0x81,0x8E,0x70,0x18,0x06,0x01,0x00,//y 89
  275                  
  276                  0x00,0x80,0x80,0x80,0x80,0x80,0x80,0x00,
  277                  0x00,0x21,0x30,0x2C,0x22,0x21,0x30,0x00,//z 90
  278                  
  279                  0x00,0x00,0x00,0x00,0x80,0x7C,0x02,0x02,
  280                  0x00,0x00,0x00,0x00,0x00,0x3F,0x40,0x40,//{ 91
  281                  
  282                  0x00,0x00,0x00,0x00,0xFF,0x00,0x00,0x00,
  283                  0x00,0x00,0x00,0x00,0xFF,0x00,0x00,0x00,//| 92
  284                  
  285                  0x00,0x02,0x02,0x7C,0x80,0x00,0x00,0x00,
  286                  0x00,0x40,0x40,0x3F,0x00,0x00,0x00,0x00,//} 93
  287                  
  288                  0x00,0x06,0x01,0x01,0x02,0x02,0x04,0x04,
  289                  0x00,0x00,0x00,0x00,0x00,0x00,0x00,0x00,//~ 94
  290          };
  291          
  292          


Module Information          Static   Overlayable
------------------------------------------------
  code size            =    ------     ------
  ecode size           =    ------     ------
  data size            =    ------     ------
  idata size           =    ------     ------
  pdata size           =    ------     ------
  xdata size           =    ------     ------
  xdata-const size     =    ------     ------
  edata size           =    ------     ------
  bit size             =    ------     ------
  ebit size            =    ------     ------
  bitaddressable size  =    ------     ------
  ebitaddressable size =    ------     ------
  far data size        =    ------     ------
  huge data size       =    ------     ------
  const size           =    ------     ------
  hconst size          =      1520     ------
End of Module Information.


C251 COMPILATION COMPLETE.  0 WARNING(S),  0 ERROR(S)
