
C251 COMPILER V5.60.0,  zf_driver_spi                                                      24/01/26  11:15:48  PAGE 1   

C251 COMPILER V5.60.0, COMPILATION OF MODULE zf_driver_spi
OBJECT MODULE PLACED IN .\out_file\zf_driver_spi.obj
COMPILER INVOKED BY: C:\Keil_v5\C251\BIN\C251.EXE ..\..\libraries\zf_driver\zf_driver_spi.c LARGE NOALIAS WARNINGLEVEL(3
                    -) OPTIMIZE(0,SIZE) BROWSE INCDIR(..\..\libraries\zf_common;..\..\libraries\zf_components;..\..\libraries\zf_device;..\..
                    -\libraries\zf_driver;..\user;..\code) DEBUG PRINT(.\out_file\zf_driver_spi.lst) OBJECT(.\out_file\zf_driver_spi.obj) 

stmt  level    source

    1          /********************************************************************************************************
             -*************
    2          * STC32G Opensourec Library 即（STC32G 开源库）是一个基于官方 SDK 接口的第三方开源库
    3          * Copyright (c) 2022 SEEKFREE 逐飞科技
    4          *
    5          * 本文件是STC 开源库的一部分
    6          *
    7          * STC32G 开源库 是免费软件
    8          * 您可以根据自由软件基金会发布的 GPL（GNU General Public License，即 GNU通用公共许可证）的条款
    9          * 即 GPL 的第3版（即 GPL3.0）或（您选择的）任何后来的版本，重新发布和/或修改它
   10          *
   11          * 本开源库的发布是希望它能发挥作用，但并未对其作任何的保证
   12          * 甚至没有隐含的适销性或适合特定用途的保证
   13          * 更多细节请参见 GPL
   14          *
   15          * 您应该在收到本开源库的同时收到一份 GPL 的副本
   16          * 如果没有，请参阅<https://www.gnu.org/licenses/>
   17          *
   18          * 额外注明：
   19          * 本开源库使用 GPL3.0 开源许可证协议 以上许可申明为译文版本
   20          * 许可申明英文版在 libraries/doc 文件夹下的 GPL3_permission_statement.txt 文件中
   21          * 许可证副本在 libraries 文件夹下 即该文件夹下的 LICENSE 文件
   22          * 欢迎各位使用并传播本程序 但修改内容时必须保留逐飞科技的版权声明（即本声明）
   23          *
   24          * 文件名称          
   25          * 公司名称          成都逐飞科技有限公司
   26          * 版本信息          查看 libraries/doc 文件夹内 version 文件 版本说明
   27          * 开发环境          MDK FOR C251
   28          * 适用平台          STC32G
   29          * 店铺链接          https://seekfree.taobao.com/
   30          *
   31          * 修改记录
   32          * 日期              作者           备注
   33          * 2024-08-01        大W            first version
   34          *********************************************************************************************************
             -***********/
   35          #pragma warning disable = 47
   36          
   37          #include "zf_common_debug.h"
   38          #include "zf_common_clock.h"
   39          #include "zf_driver_gpio.h"
   40          #include "zf_driver_spi.h"
   41          
   42          #pragma warning disable = 183
   43          #pragma warning disable = 177
   44          
   45          /*
   46          #define SPI0_WRITE_DAT(dat)             \
   47                          SPSTAT = 0xc0;              \
   48                          SPDAT = dat;                            \
   49                          while (!(SPSTAT & 0x80));
   50          
   51          #define SPI1_WRITE_DAT(dat)             \
   52                          TI = 0x0;                       \
   53                          SBUF = dat;                                     \
   54                          while (!TI)
   55          

C251 COMPILER V5.60.0,  zf_driver_spi                                                      24/01/26  11:15:48  PAGE 2   
   56          #define SPI2_WRITE_DAT(dat)             \
   57                          S2TI = 0x0;                     \
   58                          S2BUF = dat;                            \
   59                          while (!S2TI)
   60                          
   61          #define SPI_WRITE_DAT(spi_n, dat)       \
   62                  switch (spi_n)                                  \
   63                  {                               \
   64                          case SPI_0:                 \
   65                                  SPI0_WRITE_DAT(dat);    \
   66                                  break;                  \
   67                          case SPI_1:                 \
   68                                  SPI1_WRITE_DAT(dat);    \
   69                                  break;                  \
   70                          case SPI_2:                 \
   71                                  SPI2_WRITE_DAT(dat);    \
   72                                  break;                  \
   73                          default:                    \
   74                                  zf_assert(0);           \
   75                                  break;                  \
   76                  }
   77          
   78          */
   79          
   80          #define SPI_WRITE_DAT(spi_n, dat) spi_write_dat(spi_n, dat)
   81          void spi_write_dat(spi_index_enum spi_n, const uint8 dat)
   82          {
   83   1              switch (spi_n)                                  
   84   1              {                               
   85   2                      case SPI_0:                 
   86   2                              SPSTAT = 0xc0;              
   87   2                              SPDAT = dat;                            
   88   2                              while (!(SPSTAT & 0x80));  
   89   2                              break;
   90   2                      case SPI_1:                 
   91   2                              TI = 0x0;                       
   92   2                              SBUF = dat;                                     
   93   2                              while (!TI);
   94   2                              break;                  
   95   2                      case SPI_2:
   96   2                              S2TI = 0x0;                     
   97   2                              S2BUF = dat;                            
   98   2                              while (!S2TI);
   99   2                              break;          
  100   2                      default:                    
  101   2                              zf_assert(0);           
  102   2                              break;                  
  103   2              }
  104   1      }
  105                  
  106          #define SPI_READ_DAT(spi_n, dat) spi_read_dat(spi_n, dat)
  107          uint8 spi_read_dat(spi_index_enum spi_n, const uint8 dat)
  108          {
  109   1              uint8 ret = 0xFF;
  110   1              switch (spi_n)                                  
  111   1              {                               
  112   2                      case SPI_0:                 
  113   2                              SPSTAT = 0xc0;              
  114   2                              SPDAT = dat;                            
  115   2                              while (!(SPSTAT & 0x80));  
  116   2                              ret = SPDAT;
  117   2                              break;
  118   2                      case SPI_1:                 
  119   2                              TI = 0x0;                       
  120   2                              SBUF = dat;                                     
  121   2                              while (!TI);

C251 COMPILER V5.60.0,  zf_driver_spi                                                      24/01/26  11:15:48  PAGE 3   
  122   2                              ret = SBUF;
  123   2                              break;                  
  124   2                      case SPI_2:
  125   2                              S2TI = 0x0;                     
  126   2                              S2BUF = dat;                            
  127   2                              while (!S2TI);
  128   2                              ret = S2BUF;
  129   2                              break;          
  130   2                      default:                    
  131   2                              zf_assert(0);           
  132   2                              break;                  
  133   2              }
  134   1              
  135   1              return ret;
  136   1      }
  137          
  138          
  139          
  140          //-------------------------------------------------------------------------------------------------------
             -------------
  141          // 函数简介      SPI 接口写 8bit 数据
  142          // 参数说明     spi_n           SPI 模块号 参照 zf_driver_spi.h 内 spi_index_enum 枚举体定义
  143          // 参数说明     data            数据
  144          // 返回参数     void
  145          // 使用示例     spi_write_8bit(SPI_1,0x11);
  146          //-------------------------------------------------------------------------------------------------------
             -------------
  147          void spi_write_8bit (spi_index_enum spi_n, const uint8 dat)
  148          {
  149   1              SPI_WRITE_DAT(spi_n, dat);
  150   1      }
  151          
  152          //-------------------------------------------------------------------------------------------------------
             -------------
  153          // 函数简介      SPI 接口写 8bit 数组
  154          // 参数说明     spi_n           SPI 模块号 参照 zf_driver_spi.h 内 spi_index_enum 枚举体定义
  155          // 参数说明     *data           数据存放缓冲区
  156          // 参数说明     len             缓冲区长度
  157          // 返回参数     void
  158          // 使用示例     spi_write_8bit_array(SPI_1,data,64);
  159          //-------------------------------------------------------------------------------------------------------
             -------------
  160          void spi_write_8bit_array (spi_index_enum spi_n, const uint8 *dat, uint32 len)
  161          {
  162   1              while(len--)
  163   1              {
  164   2                      SPI_WRITE_DAT(spi_n, *dat++);
  165   2              }
  166   1      }
  167          
  168          //-------------------------------------------------------------------------------------------------------
             -------------
  169          // 函数简介      SPI 接口写 16bit 数据
  170          // 参数说明     spi_n           SPI 模块号 参照 zf_driver_spi.h 内 spi_index_enum 枚举体定义
  171          // 参数说明     data            数据
  172          // 返回参数     void
  173          // 使用示例     spi_write_16bit(SPI_1,0x1101);
  174          //-------------------------------------------------------------------------------------------------------
             -------------
  175          void spi_write_16bit (spi_index_enum spi_n, const uint16 dat)
  176          {
  177   1              SPI_WRITE_DAT(spi_n, (uint8)((dat & 0xFF00) >> 8));
  178   1              SPI_WRITE_DAT(spi_n, (uint8)(dat & 0x00FF));
  179   1      }
  180          
  181          //-------------------------------------------------------------------------------------------------------

C251 COMPILER V5.60.0,  zf_driver_spi                                                      24/01/26  11:15:48  PAGE 4   
             -------------
  182          // 函数简介      SPI 接口写 16bit 数组
  183          // 参数说明     spi_n           SPI 模块号 参照 zf_driver_spi.h 内 spi_index_enum 枚举体定义
  184          // 参数说明     *data           数据存放缓冲区
  185          // 参数说明     len             缓冲区长度
  186          // 返回参数     void
  187          // 使用示例     spi_write_16bit_array(SPI_1,data,64);
  188          //-------------------------------------------------------------------------------------------------------
             -------------
  189          void spi_write_16bit_array (spi_index_enum spi_n, const uint16 *dat, uint32 len)
  190          {
  191   1          while(len--)
  192   1          {
  193   2                      SPI_WRITE_DAT(spi_n, (uint8)((*dat & 0xFF00) >> 8));
  194   2                      SPI_WRITE_DAT(spi_n, (uint8)(*dat++ & 0x00FF));
  195   2          }
  196   1      }
  197          
  198          //-------------------------------------------------------------------------------------------------------
             -------------
  199          // 函数简介      SPI 接口向传感器的寄存器写 8bit 数据
  200          // 参数说明     spi_n           SPI 模块号 参照 zf_driver_spi.h 内 spi_index_enum 枚举体定义
  201          // 参数说明     register_name   寄存器地址
  202          // 参数说明     data            数据
  203          // 返回参数     void
  204          // 使用示例     spi_write_8bit_register(SPI_1,0x11,0x01);
  205          //-------------------------------------------------------------------------------------------------------
             -------------
  206          void spi_write_8bit_register (spi_index_enum spi_n, const uint8 register_name, const uint8 dat)
  207          {
  208   1              SPI_WRITE_DAT(spi_n, register_name);
  209   1              SPI_WRITE_DAT(spi_n, dat);
  210   1      }
  211          
  212          
  213          //-------------------------------------------------------------------------------------------------------
             -------------
  214          // 函数简介      SPI 接口向传感器的寄存器写 8bit 数组
  215          // 参数说明     spi_n           SPI 模块号 参照 zf_driver_spi.h 内 spi_index_enum 枚举体定义
  216          // 参数说明     register_name   寄存器地址
  217          // 参数说明     *data           数据存放缓冲区
  218          // 参数说明     len             缓冲区长度
  219          // 返回参数     void
  220          // 使用示例     spi_write_8bit_registers(SPI_1,0x11,data,32);
  221          //-------------------------------------------------------------------------------------------------------
             -------------
  222          void spi_write_8bit_registers (spi_index_enum spi_n, const uint8 register_name, const uint8 *dat, uint32 
             -len)
  223          {
  224   1              SPI_WRITE_DAT(spi_n, register_name);
  225   1          while(len--)
  226   1          {
  227   2                      SPI_WRITE_DAT(spi_n, *dat++);
  228   2          }
  229   1      }
  230          
  231          //-------------------------------------------------------------------------------------------------------
             -------------
  232          // 函数简介     SPI 接口向传感器的寄存器写 16bit 数据
  233          // 参数说明     spi_n           SPI 模块号 参照 zf_driver_spi.h 内 spi_index_enum 枚举体定义
  234          // 参数说明     register_name   寄存器地址
  235          // 参数说明     data            数据
  236          // 返回参数     void
  237          // 使用示例     spi_write_16bit_register(SPI_1,0x1011,0x0101);
  238          //-------------------------------------------------------------------------------------------------------
             -------------

C251 COMPILER V5.60.0,  zf_driver_spi                                                      24/01/26  11:15:48  PAGE 5   
  239          void spi_write_16bit_register (spi_index_enum spi_n, const uint16 register_name, const uint16 dat)
  240          {
  241   1              SPI_WRITE_DAT(spi_n, (uint8)((register_name & 0xFF00) >> 8));
  242   1              SPI_WRITE_DAT(spi_n, (uint8)(register_name & 0x00FF));
  243   1              SPI_WRITE_DAT(spi_n, (uint8)((dat & 0xFF00) >> 8));
  244   1              SPI_WRITE_DAT(spi_n, (uint8)(dat & 0x00FF));
  245   1      }
  246          
  247          //-------------------------------------------------------------------------------------------------------
             -------------
  248          // 函数简介      SPI 接口向传感器的寄存器写 16bit 数组
  249          // 参数说明     spi_n           SPI 模块号 参照 zf_driver_spi.h 内 spi_index_enum 枚举体定义
  250          // 参数说明     register_name   寄存器地址
  251          // 参数说明     *data           数据存放缓冲区
  252          // 参数说明     len             缓冲区长度
  253          // 返回参数     void
  254          // 使用示例     spi_write_16bit_registers(SPI_1,0x1011,data,32);
  255          //-------------------------------------------------------------------------------------------------------
             -------------
  256          void spi_write_16bit_registers (spi_index_enum spi_n, const uint16 register_name, const uint16 *dat, uint
             -32 len)
  257          {
  258   1              SPI_WRITE_DAT(spi_n, (uint8)((register_name & 0xFF00) >> 8));
  259   1              SPI_WRITE_DAT(spi_n, (uint8)(register_name & 0x00FF));
  260   1              SPI_WRITE_DAT(spi_n, (uint8)((*dat & 0xFF00) >> 8));
  261   1              SPI_WRITE_DAT(spi_n, (uint8)(*dat++ & 0x00FF));
  262   1      }
  263          
  264          //-------------------------------------------------------------------------------------------------------
             -------------
  265          // 函数简介      SPI 接口读 8bit 数据
  266          // 参数说明     spi_n           SPI 模块号 参照 zf_driver_spi.h 内 spi_index_enum 枚举体定义
  267          // 参数说明     register_name   寄存器地址
  268          // 返回参数     uint8         数据
  269          // 使用示例     spi_read_8bit(SPI_1);
  270          //-------------------------------------------------------------------------------------------------------
             -------------
  271          uint8 spi_read_8bit (spi_index_enum spi_n)
  272          {
  273   1          return SPI_READ_DAT(spi_n, 0);
  274   1      }
  275          
  276          //-------------------------------------------------------------------------------------------------------
             -------------
  277          // 函数简介      SPI 接口读 8bit 数组
  278          // 参数说明     spi_n           SPI 模块号 参照 zf_driver_spi.h 内 spi_index_enum 枚举体定义
  279          // 参数说明     *data           数据存放缓冲区
  280          // 参数说明     len             发送缓冲区长度
  281          // 返回参数     void
  282          // 使用示例     spi_read_8bit_array(SPI_1,data,64);
  283          //-------------------------------------------------------------------------------------------------------
             -------------
  284          void spi_read_8bit_array (spi_index_enum spi_n, uint8 *dat, uint32 len)
  285          {
  286   1          while(len--)
  287   1          {
  288   2              *dat++ = SPI_READ_DAT(spi_n, 0);
  289   2          }
  290   1      }
  291          
  292          //-------------------------------------------------------------------------------------------------------
             -------------
  293          // 函数简介      SPI 接口读 16bit 数据
  294          // 参数说明     spi_n           SPI 模块号 参照 zf_driver_spi.h 内 spi_index_enum 枚举体定义
  295          // 参数说明     register_name   寄存器地址
  296          // 返回参数     uint16        数据

C251 COMPILER V5.60.0,  zf_driver_spi                                                      24/01/26  11:15:48  PAGE 6   
  297          // 使用示例     spi_read_16bit(SPI_1);
  298          //-------------------------------------------------------------------------------------------------------
             -------------
  299          uint16 spi_read_16bit (spi_index_enum spi_n)
  300          {
  301   1          uint16 dat = 0;
  302   1      
  303   1          dat = SPI_READ_DAT(spi_n, 0);
  304   1      
  305   1          dat = ((dat << 8) | SPI_READ_DAT(spi_n, 0));
  306   1          
  307   1          return dat;
  308   1      }
  309          
  310          //-------------------------------------------------------------------------------------------------------
             -------------
  311          // 函数简介      SPI 接口读 16bit 数组
  312          // 参数说明     spi_n           SPI 模块号 参照 zf_driver_spi.h 内 spi_index_enum 枚举体定义
  313          // 参数说明     *data           数据存放缓冲区
  314          // 参数说明     len             发送缓冲区长度
  315          // 返回参数     void
  316          // 使用示例     spi_read_16bit_array(SPI_1,data,64);
  317          //-------------------------------------------------------------------------------------------------------
             -------------
  318          void spi_read_16bit_array (spi_index_enum spi_n, uint16 *dat, uint32 len)
  319          {
  320   1          while(len--)
  321   1          {
  322   2              *dat = SPI_READ_DAT(spi_n, 0);
  323   2              *dat = ((*dat << 8) | SPI_READ_DAT(spi_n, 0));
  324   2              dat++;
  325   2          }
  326   1      }
  327          
  328          //-------------------------------------------------------------------------------------------------------
             -------------
  329          // 函数简介      SPI 接口从传感器的寄存器读 8bit 数据
  330          // 参数说明     spi_n           SPI 模块号 参照 zf_driver_spi.h 内 spi_index_enum 枚举体定义
  331          // 参数说明     register_name   寄存器地址
  332          // 返回参数     uint8         数据
  333          // 使用示例     spi_read_8bit_register(SPI_1,0x11);
  334          //-------------------------------------------------------------------------------------------------------
             -------------
  335          uint8 spi_read_8bit_register (spi_index_enum spi_n, const uint8 register_name)
  336          {
  337   1              SPI_WRITE_DAT(spi_n, register_name);
  338   1          return SPI_READ_DAT(spi_n, 0);
  339   1      }
  340          
  341          //-------------------------------------------------------------------------------------------------------
             -------------
  342          // 函数简介      SPI 接口从传感器的寄存器读 8bit 数组
  343          // 参数说明     spi_n           SPI 模块号 参照 zf_driver_spi.h 内 spi_index_enum 枚举体定义
  344          // 参数说明     register_name   寄存器地址
  345          // 参数说明     *data           数据存放缓冲区
  346          // 参数说明     len             发送缓冲区长度
  347          // 返回参数     void
  348          // 使用示例     spi_read_8bit_registers(SPI_1,0x11,data,32);
  349          //-------------------------------------------------------------------------------------------------------
             -------------
  350          void spi_read_8bit_registers (spi_index_enum spi_n, const uint8 register_name, uint8 *dat, uint32 len)
  351          {
  352   1              SPI_WRITE_DAT(spi_n, register_name);
  353   1          while(len--)
  354   1          {
  355   2              *dat++ = SPI_READ_DAT(spi_n, 0);

C251 COMPILER V5.60.0,  zf_driver_spi                                                      24/01/26  11:15:48  PAGE 7   
  356   2          }
  357   1      }
  358          
  359          //-------------------------------------------------------------------------------------------------------
             -------------
  360          // 函数简介      SPI 接口从传感器的寄存器读 16bit 数据
  361          // 参数说明     spi_n           SPI 模块号 参照 zf_driver_spi.h 内 spi_index_enum 枚举体定义
  362          // 参数说明     register_name   寄存器地址
  363          // 返回参数     uint16        数据
  364          // 使用示例     spi_read_16bit_register(SPI_1,0x1011);
  365          //-------------------------------------------------------------------------------------------------------
             -------------
  366          uint16 spi_read_16bit_register (spi_index_enum spi_n, const uint16 register_name)
  367          {
  368   1          uint16 dat = 0;
  369   1          
  370   1              SPI_WRITE_DAT(spi_n, (uint8)((register_name & 0xFF00) >> 8));
  371   1              SPI_WRITE_DAT(spi_n, (uint8)(register_name & 0x00FF));
  372   1              
  373   1              dat = SPI_READ_DAT(spi_n, 0);
  374   1              dat = ((dat << 8) |  SPI_READ_DAT(spi_n, 0));
  375   1      
  376   1          return dat;
  377   1      }
  378          
  379          //-------------------------------------------------------------------------------------------------------
             -------------
  380          // 函数简介      SPI 接口从传感器的寄存器读 16bit 数组
  381          // 参数说明     spi_n           SPI 模块号 参照 zf_driver_spi.h 内 spi_index_enum 枚举体定义
  382          // 参数说明     register_name   寄存器地址
  383          // 参数说明     *dat           数据存放缓冲区
  384          // 参数说明     len             发送缓冲区长度
  385          // 返回参数     void
  386          // 使用示例     spi_read_16bit_registers(SPI_1,0x1101,dat,32);
  387          //-------------------------------------------------------------------------------------------------------
             -------------
  388          void spi_read_16bit_registers (spi_index_enum spi_n, const uint16 register_name, uint16 *dat, uint32 len)
  389          {
  390   1              SPI_WRITE_DAT(spi_n, (uint8)((register_name & 0xFF00) >> 8));
  391   1              SPI_WRITE_DAT(spi_n, (uint8)(register_name & 0x00FF));
  392   1          
  393   1          while(len--)
  394   1          {
  395   2                      *dat = SPI_READ_DAT(spi_n, 0);
  396   2                      *dat = ((*dat << 8) |  SPI_READ_DAT(spi_n, 0));
  397   2              dat++;
  398   2          }
  399   1      }
  400          
  401          //-------------------------------------------------------------------------------------------------------
             -------------
  402          // 函数简介      SPI 8bit 数据传输 发送与接收数据是同时进行的
  403          // 参数说明     spi_n           SPI 模块号 参照 zf_driver_spi.h 内 spi_index_enum 枚举体定义
  404          // 参数说明     write_buffer    发送的数据缓冲区地址
  405          // 参数说明     read_buffer     发送数据时接收到的数据的存储地址(不需要接收则传 NULL)
  406          // 参数说明     len             缓冲区长度
  407          // 返回参数     void
  408          // 使用示例     spi_transfer_8bit(SPI_1,buf,buf,1);
  409          //-------------------------------------------------------------------------------------------------------
             -------------
  410          void spi_transfer_8bit (spi_index_enum spi_n, const uint8 *write_buffer, uint8 *read_buffer, uint32 len)
  411          {
  412   1          while(len--)
  413   1          {
  414   2              if(read_buffer != NULL)
  415   2              {

C251 COMPILER V5.60.0,  zf_driver_spi                                                      24/01/26  11:15:48  PAGE 8   
  416   3                  *read_buffer++ = SPI_READ_DAT(spi_n, *(write_buffer++));
  417   3              }
  418   2                      else
  419   2                      {
  420   3                              SPI_WRITE_DAT(spi_n, *(write_buffer++));
  421   3                      }
  422   2          }
  423   1      }
  424          
  425          //-------------------------------------------------------------------------------------------------------
             -------------
  426          // 函数简介      SPI 16bit 数据传输 发送与接收数据是同时进行的
  427          // 参数说明     spi_n           SPI 模块号 参照 zf_driver_spi.h 内 spi_index_enum 枚举体定义
  428          // 参数说明     write_buffer    发送的数据缓冲区地址
  429          // 参数说明     read_buffer     发送数据时接收到的数据的存储地址(不需要接收则传 NULL)
  430          // 参数说明     len             缓冲区长度
  431          // 返回参数     void
  432          // 使用示例     spi_transfer_16bit(SPI_1,buf,buf,1);
  433          //-------------------------------------------------------------------------------------------------------
             -------------
  434          void spi_transfer_16bit (spi_index_enum spi_n, const uint16 *write_buffer, uint16 *read_buffer, uint32 le
             -n)
  435          {
  436   1          while(len--)
  437   1          {
  438   2                      if(read_buffer != NULL)
  439   2              {
  440   3                  *read_buffer = SPI_READ_DAT(spi_n, (uint8)((*write_buffer & 0xFF00) >> 8));
  441   3                              *read_buffer = *read_buffer << 8 | (uint8)(SPI_READ_DAT(spi_n, (*write_buffer & 0x00FF)));
  442   3                              read_buffer++;
  443   3              }
  444   2                      else
  445   2                      {
  446   3                              SPI_WRITE_DAT(spi_n, (uint8)((*write_buffer & 0xFF00) >> 8));
  447   3                              SPI_WRITE_DAT(spi_n, (uint8)(*write_buffer & 0x00FF));
  448   3                      }
  449   2              write_buffer++;
  450   2          }
  451   1      }
  452          
  453          //-------------------------------------------------------------------------------------------------------
             -------------
  454          // 函数简介     SPI 接口初始化
  455          // 参数说明     spi_n           SPI 模块号 参照 zf_driver_spi.h 内 spi_index_enum 枚举体定义
  456          // 参数说明     mode            SPI 模式 参照 zf_driver_spi.h 内 spi_mode_enum 枚举体定义
  457          // 参数说明     baud            设置 SPI 的波特率 不超过系统时钟的一半 部分速率会被适配成相近的速率
  458          // 参数说明     sck_pin         选择 SCK 引脚 参照 zf_driver_spi.h 内 spi_pin_enum 枚举体定义
  459          // 参数说明     mosi_pin        选择 MOSI 引脚 参照 zf_driver_spi.h 内 spi_pin_enum 枚举体定义
  460          // 参数说明     miso_pin        选择 MISO 引脚 参照 zf_driver_spi.h 内 spi_pin_enum 枚举体定义
  461          // 参数说明     cs_pin          选择 CS 引脚 参照 zf_driver_gpio.h 内 gpio_pin_enum 枚举体定义
  462          // 返回参数     void
  463          // 使用示例     spi_init(SPI_1, 0, 1*1000*1000, SPI1_SCK_A5, SPI1_MOSI_A7, SPI1_MISO_A6, A4);  //硬件SPI?
             -跏蓟? 模式0 波特率为1Mhz
  464          //-------------------------------------------------------------------------------------------------------
             -------------
  465          void spi_init(spi_index_enum spi_n, spi_mode_enum mode, uint32 baud, spi_pin_enum sck_pin, spi_pin_enum m
             -osi_pin, spi_pin_enum miso_pin, gpio_pin_enum cs_pin)
  466          {
  467   1              // STC32G 硬件SPI 15M CLK 采集数据，错位。
  468   1          uint32 spi_psc = 0;
  469   1          
  470   1          if((sck_pin & 0xFF00) != (mosi_pin & 0xFF00))
  471   1          {
  472   2              zf_assert(0);
  473   2              // SPI只能使用同一组引脚，不允许混用引脚
  474   2          }

C251 COMPILER V5.60.0,  zf_driver_spi                                                      24/01/26  11:15:48  PAGE 9   
  475   1          
  476   1          gpio_init(sck_pin  & 0xFF, GPO, 1, GPO_PUSH_PULL);
  477   1          gpio_init(mosi_pin & 0xFF, GPO, 1, GPO_PUSH_PULL);
  478   1          
  479   1          if(miso_pin != SPI_NULL_PIN)
  480   1          {
  481   2              gpio_init(miso_pin & 0xFF, GPI, 1, GPI_IMPEDANCE);
  482   2          }
  483   1          
  484   1          if(cs_pin != SPI_NULL_PIN)
  485   1          {
  486   2              gpio_init(cs_pin & 0xFF, GPO, 0, GPO_PUSH_PULL);
  487   2          }
  488   1      
  489   1              // 波特率大于等于10M就需要设置GPIO电平转换速度
  490   1              if(baud >= (10*1000*1000U))
  491   1              {
  492   2                      gpio_set_level_speed(sck_pin  & 0xFF, GPIO_SPEED_FAST);
  493   2                      gpio_set_level_speed(mosi_pin  & 0xFF, GPIO_SPEED_FAST);
  494   2                      if(miso_pin != SPI_NULL_PIN)
  495   2                      {
  496   3                              gpio_set_level_speed(miso_pin & 0xFF, GPIO_SPEED_FAST);
  497   3                      }
  498   2                      if(cs_pin != SPI_NULL_PIN)
  499   2                      {
  500   3                              gpio_set_level_speed(cs_pin & 0xFF, GPIO_SPEED_FAST);
  501   3                      }
  502   2              }
  503   1          
  504   1          if(SPI_0 == spi_n)
  505   1          {
  506   2              P_SW1 &= ~(0x03 << 2); //清除SPI功能脚选择位
  507   2              
  508   2              switch((sck_pin >> 8) & 0x03)
  509   2              {
  510   3                  case 0:
  511   3                      P_SW1 |= (0x00 << 2);
  512   3                      break;
  513   3                      
  514   3                  case 1:
  515   3                      P_SW1 |= (0x01 << 2);
  516   3                      break;
  517   3                      
  518   3                  case 2:
  519   3                      P_SW1 |= (0x02 << 2);
  520   3                      break;
  521   3                      
  522   3                  case 3:
  523   3                      P_SW1 |= (0x03 << 2);
  524   3                      break;
  525   3              }
  526   2              
  527   2              SPCTL = 0;
  528   2              SPCTL |= 1 << 7;        //忽略SS引脚功能，使用MSTR确定器件是主机还是从机
  529   2              SPCTL |= 1 << 4;        //主机模式
  530   2              
  531   2              // 设置SPI速率
  532   2              spi_psc = system_clock / baud;
  533   2                      
  534   2              SPCTL &= ~(0x03 << 0);
  535   2                      
  536   2                      if(spi_psc > 8)
  537   2              {
  538   3                  SPCTL |= 0x02;      // SPI输入时钟/16
  539   3              }
  540   2              else if(spi_psc > 4)

C251 COMPILER V5.60.0,  zf_driver_spi                                                      24/01/26  11:15:48  PAGE 10  
  541   2              {
  542   3                  SPCTL |= 0x01;      // SPI输入时钟/8
  543   3              }
  544   2              else if(spi_psc > 2)
  545   2              {
  546   3                  SPCTL |= 0x00;      // SPI输入时钟/4
  547   3              }
  548   2              else
  549   2              {
  550   3                  SPCTL |= 0x03;      // SPI输入时钟/2
  551   3              }
  552   2                      
  553   2              // 设置SPI极性和相位
  554   2              switch(mode)
  555   2              {
  556   3                  case SPI_MODE0:
  557   3                      break;
  558   3                      
  559   3                  case SPI_MODE1:
  560   3                      SPCTL |= 0x01 << 2;
  561   3                      break;
  562   3                      
  563   3                  case SPI_MODE2:
  564   3                      SPCTL |= 0x02 << 2;
  565   3                      break;
  566   3                      
  567   3                  case SPI_MODE3:
  568   3                      SPCTL |= 0x03 << 2;
  569   3                      break;
  570   3              }
  571   2              
  572   2              SPCTL |= 1 << 6;        // 使能SPI功能
  573   2          }
  574   1          else if(SPI_1 == spi_n)
  575   1          {
  576   2                      
  577   2                      // 如果程序在输出了断言信息 并且提示出错位置在这里
  578   2                      // 就去查看你在什么地方调用这个函数 检查你的传入参数
  579   2                      // 这里是检查是否有重复使用UART1 和 UART2功能
  580   2                      // 比如初始化了 UART1 然后又初始化成 SPI1 这种用法是不允许的
  581   2                      // UART1和SPI1使用同一个寄存器，要么用UART1要么使用SPI1,只能是二选一。
  582   2                      // UART2和SPI2使用同一个寄存器，要么用UART2要么使用SPI2,只能是二选一。
  583   2                      zf_assert(uart_funciton_check(UART_1, UART_FUNCTION_SPI));
  584   2                      
  585   2                      
  586   2              P_SW3 &= ~(0x03 << 2); //清除SPI功能脚选择位
  587   2              
  588   2              switch((sck_pin >> 8) & 0x03)
  589   2              {
  590   3                  case 0:
  591   3                      P_SW3 |= (0x00 << 2);
  592   3                      break;
  593   3                      
  594   3                  case 1:
  595   3                      P_SW3 |= (0x01 << 2);
  596   3                      break;
  597   3                      
  598   3                  case 2:
  599   3                      P_SW3 |= (0x02 << 2);
  600   3                      break;
  601   3                      
  602   3                  case 3:
  603   3                      P_SW3 |= (0x03 << 2);
  604   3                      break;
  605   3              }
  606   2              

C251 COMPILER V5.60.0,  zf_driver_spi                                                      24/01/26  11:15:48  PAGE 11  
  607   2              SCON = 0x10;            // 接收使能
  608   2              USARTCR1 = 0x10;        // 使能SPI模式，主机功能
  609   2              
  610   2              
  611   2              // 设置SPI速率
  612   2              spi_psc = system_clock / baud;
  613   2              
  614   2      
  615   2                      
  616   2              if(spi_psc > 8)
  617   2              {
  618   3                  USARTCR4 |= 0x02;   // SPI输入时钟/16
  619   3              }
  620   2              else if(spi_psc > 4)
  621   2              {
  622   3                  USARTCR4 |= 0x01;   // SPI输入时钟/8
  623   3              }
  624   2              else// if(spi_psc > 2)
  625   2              {
  626   3                  USARTCR4 |= 0x00;   // SPI输入时钟/4
  627   3              }
  628   2      //        else
  629   2      //        {
  630   2      //            USARTCR4 |= 0x03; // SPI输入时钟/2
  631   2      //        }
  632   2              
  633   2              
  634   2              // 设置SPI极性和相位
  635   2              switch(mode)
  636   2              {
  637   3                  case SPI_MODE0:
  638   3                      USARTCR1 |= 0x00;
  639   3                      break;
  640   3                      
  641   3                  case SPI_MODE1:
  642   3                      USARTCR1 |= 0x01;
  643   3                      break;
  644   3                      
  645   3                  case SPI_MODE2:
  646   3                      USARTCR1 |= 0x02;
  647   3                      break;
  648   3                      
  649   3                  case SPI_MODE3:
  650   3                      USARTCR1 |= 0x03;
  651   3                      break;
  652   3              }
  653   2              
  654   2              USARTCR1 |= 0x08; // 使能SPI功能
  655   2          }
  656   1          else if(SPI_2 == spi_n)
  657   1          {
  658   2                      
  659   2                      // 如果程序在输出了断言信息 并且提示出错位置在这里
  660   2                      // 就去查看你在什么地方调用这个函数 检查你的传入参数
  661   2                      // 这里是检查是否有重复使用UART1 和 UART2功能
  662   2                      // 比如初始化了 UART1 然后又初始化成 SPI1 这种用法是不允许的
  663   2                      // UART1和SPI1使用同一个寄存器，要么用UART1要么使用SPI1,只能是二选一。
  664   2                      // UART2和SPI2使用同一个寄存器，要么用UART2要么使用SPI2,只能是二选一。
  665   2                      zf_assert(uart_funciton_check(UART_2, UART_FUNCTION_SPI));
  666   2      
  667   2              P_SW3 &= ~(0x03 << 4); //清除SPI功能脚选择位
  668   2              
  669   2              switch((sck_pin >> 8) & 0x03)
  670   2              {
  671   3                  case 0:
  672   3                      P_SW3 |= (0x00 << 4);

C251 COMPILER V5.60.0,  zf_driver_spi                                                      24/01/26  11:15:48  PAGE 12  
  673   3                      break;
  674   3                      
  675   3                  case 1:
  676   3                      P_SW3 |= (0x01 << 4);
  677   3                      break;
  678   3                      
  679   3                  case 2:
  680   3                      P_SW3 |= (0x02 << 4);
  681   3                      break;
  682   3                      
  683   3                  case 3:
  684   3                      P_SW3 |= (0x03 << 4);
  685   3                      break;
  686   3              }
  687   2              
  688   2              S2CON = 0x10;           // 接收使能
  689   2              USART2CR1 = 0x10;       // 使能SPI模式，主机功能
  690   2              
  691   2              
  692   2              // 设置SPI速率
  693   2              spi_psc = system_clock / baud;
  694   2      
  695   2              if(spi_psc > 8)
  696   2              {
  697   3                  USART2CR4 |= 0x02;  // SPI输入时钟/16
  698   3              }
  699   2              else if(spi_psc > 4)
  700   2              {
  701   3                  USART2CR4 |= 0x01;  // SPI输入时钟/8
  702   3              }
  703   2              else //if(spi_psc > 2)
  704   2              {
  705   3                  USART2CR4 |= 0x00;  // SPI输入时钟/4
  706   3              }
  707   2      //        else
  708   2      //        {
  709   2      //            USART2CR4 |= 0x03;        // SPI输入时钟/2
  710   2      //        }
  711   2              
  712   2              
  713   2              // 设置SPI极性和相位
  714   2              switch(mode)
  715   2              {
  716   3                  case SPI_MODE0:
  717   3                      USART2CR1 |= 0x00;
  718   3                      break;
  719   3                      
  720   3                  case SPI_MODE1:
  721   3                      USART2CR1 |= 0x01;
  722   3                      break;
  723   3                      
  724   3                  case SPI_MODE2:
  725   3                      USART2CR1 |= 0x02;
  726   3                      break;
  727   3                      
  728   3                  case SPI_MODE3:
  729   3                      USART2CR1 |= 0x03;
  730   3                      break;
  731   3              }
  732   2              
  733   2              USART2CR1 |= 0x08; // 使能SPI功能
  734   2          }
  735   1      }
  736          
  737          
  738          

C251 COMPILER V5.60.0,  zf_driver_spi                                                      24/01/26  11:15:48  PAGE 13  


Module Information          Static   Overlayable
------------------------------------------------
  code size            =      3321     ------
  ecode size           =    ------     ------
  data size            =    ------     ------
  idata size           =    ------     ------
  pdata size           =    ------     ------
  xdata size           =       173     ------
  xdata-const size     =    ------     ------
  edata size           =    ------     ------
  bit size             =    ------     ------
  ebit size            =    ------     ------
  bitaddressable size  =    ------     ------
  ebitaddressable size =    ------     ------
  far data size        =    ------     ------
  huge data size       =    ------     ------
  const size           =    ------     ------
  hconst size          =        42     ------
End of Module Information.


C251 COMPILATION COMPLETE.  0 WARNING(S),  0 ERROR(S)

