
C251 COMPILER V5.60.0,  zf_device_imu660rb                                                 24/01/26  11:15:49  PAGE 1   

C251 COMPILER V5.60.0, COMPILATION OF MODULE zf_device_imu660rb
OBJECT MODULE PLACED IN .\out_file\zf_device_imu660rb.obj
COMPILER INVOKED BY: C:\Keil_v5\C251\BIN\C251.EXE ..\..\libraries\zf_device\zf_device_imu660rb.c LARGE NOALIAS WARNINGLE
                    -VEL(3) OPTIMIZE(0,SIZE) BROWSE INCDIR(..\..\libraries\zf_common;..\..\libraries\zf_components;..\..\libraries\zf_device;
                    -..\..\libraries\zf_driver;..\user;..\code) DEBUG PRINT(.\out_file\zf_device_imu660rb.lst) OBJECT(.\out_file\zf_device_im
                    -u660rb.obj) 

stmt  level    source

    1          /********************************************************************************************************
             -*************
    2          * STC32G Opensourec Library 即（STC32G 开源库）是一个基于官方 SDK 接口的第三方开源库
    3          * Copyright (c) 2022 SEEKFREE 逐飞科技
    4          *
    5          * 本文件是STC 开源库的一部分
    6          *
    7          * STC32G 开源库 是免费软件
    8          * 您可以根据自由软件基金会发布的 GPL（GNU General Public License，即 GNU通用公共许可证）的条款
    9          * 即 GPL 的第3版（即 GPL3.0）或（您选择的）任何后来的版本，重新发布和/或修改它
   10          *
   11          * 本开源库的发布是希望它能发挥作用，但并未对其作任何的保证
   12          * 甚至没有隐含的适销性或适合特定用途的保证
   13          * 更多细节请参见 GPL
   14          *
   15          * 您应该在收到本开源库的同时收到一份 GPL 的副本
   16          * 如果没有，请参阅<https://www.gnu.org/licenses/>
   17          *
   18          * 额外注明：
   19          * 本开源库使用 GPL3.0 开源许可证协议 以上许可申明为译文版本
   20          * 许可申明英文版在 libraries/doc 文件夹下的 GPL3_permission_statement.txt 文件中
   21          * 许可证副本在 libraries 文件夹下 即该文件夹下的 LICENSE 文件
   22          * 欢迎各位使用并传播本程序 但修改内容时必须保留逐飞科技的版权声明（即本声明）
   23          *
   24          * 文件名称          
   25          * 公司名称          成都逐飞科技有限公司
   26          * 版本信息          查看 libraries/doc 文件夹内 version 文件 版本说明
   27          * 开发环境          MDK FOR C251
   28          * 适用平台          STC32G
   29          * 店铺链接          https://seekfree.taobao.com/
   30          *
   31          * 修改记录
   32          * 日期              作者           备注
   33          * 2024-08-01        大W            first version
   34          *********************************************************************************************************
             -***********/
   35          /********************************************************************************************************
             -*************
   36          * 接线定义：
   37          *                   ------------------------------------
   38          *                   模块管脚            单片机管脚
   39          *                   // 硬件 SPI 引脚
   40          *                   SCL/SPC           查看 zf_device_imu660rb.h 中 IMU660RB_SPC_PIN 宏定义
   41          *                   SDA/DSI           查看 zf_device_imu660rb.h 中 IMU660RB_SDI_PIN 宏定义
   42          *                   SA0/SDO           查看 zf_device_imu660rb.h 中 IMU660RB_SDO_PIN 宏定义
   43          *                   CS                查看 zf_device_imu660rb.h 中 IMU660RB_CS_PIN 宏定义
   44          *                   VCC               3.3V电源
   45          *                   GND               电源地
   46          *                   其余引脚悬空
   47          *
   48          *                   // 软件 IIC 引脚
   49          *                   SCL/SPC           查看 zf_device_imu660rb.h 中 IMU660RB_SCL_PIN 宏定义
   50          *                   SDA/DSI           查看 zf_device_imu660rb.h 中 IMU660RB_SDA_PIN 宏定义
   51          *                   VCC               3.3V电源
   52          *                   GND               电源地
   53          *                   其余引脚悬空

C251 COMPILER V5.60.0,  zf_device_imu660rb                                                 24/01/26  11:15:49  PAGE 2   
   54          *                   ------------------------------------
   55          *********************************************************************************************************
             -***********/
   56          
   57          #include "zf_common_debug.h"
   58          #include "zf_driver_delay.h"
   59          #include "zf_driver_spi.h"
   60          #include "zf_driver_gpio.h"
   61          #include "zf_driver_soft_iic.h"
   62          #include "zf_device_config.h"
   63          #include "zf_device_imu660rb.h"
   64          
   65          #pragma warning disable = 177
   66          #pragma warning disable = 183
   67          
   68          int16 imu660rb_gyro_x = 0, imu660rb_gyro_y = 0, imu660rb_gyro_z = 0;            // 三轴陀螺仪数据   gyro 
             -(陀螺仪)
   69          int16 imu660rb_acc_x = 0, imu660rb_acc_y = 0, imu660rb_acc_z = 0;               // 三轴加速度计数据 acc  
             -(accelerometer 加速度计)
   70          
   71          
   72          #if (IMU660RB_USE_INTERFACE==HARDWARE_SPI) 
               
                       //------------------------------------------------------------------------------------------------------
             --------------
                       // 函数简介     IMU660RB 写寄存器
                       // 参数说明     reg             寄存器地址
                       // 参数说明     dat            数据
                       // 返回参数     void
                       // 使用示例     imu660rb_write_register(IMU660RB_PWR_CONF, 0x00);                   // 关闭高级省电模式
                       // 备注信息     内部调用
                       //------------------------------------------------------------------------------------------------------
             --------------
                       static void imu660rb_write_register(uint8 reg, uint8 dat)
                       {
                               IMU660RB_CS(0);
                               spi_write_8bit_register(IMU660RB_SPI, reg | IMU660RB_SPI_W, dat);
                               IMU660RB_CS(1);
                       }
               
                       //------------------------------------------------------------------------------------------------------
             --------------
                       // 函数简介     IMU660RB 写数据
                       // 参数说明     reg             寄存器地址
                       // 参数说明     dat            数据
                       // 返回参数     void
                       // 使用示例     imu660rb_write_registers(IMU660RB_INIT_DATA, imu660rb_config_file, sizeof(imu660rb_confi
             -g_file));
                       // 备注信息     内部调用
                       //------------------------------------------------------------------------------------------------------
             --------------
                       // static void imu660rb_write_registers(uint8 reg, const uint8 *dat, uint32 len)
                       // {
                       //     IMU660RB_CS(0);
                       //     spi_write_8bit_registers(IMU660RB_SPI, reg | IMU660RB_SPI_W, dat, len);
                       //     IMU660RB_CS(1);
                       // }
               
                       //------------------------------------------------------------------------------------------------------
             --------------
                       // 函数简介     IMU660RB 读寄存器
                       // 参数说明     reg             寄存器地址
                       // 返回参数     uint8           数据
                       // 使用示例     imu660rb_read_register(IMU660RB_CHIP_ID);
                       // 备注信息     内部调用
                       //------------------------------------------------------------------------------------------------------

C251 COMPILER V5.60.0,  zf_device_imu660rb                                                 24/01/26  11:15:49  PAGE 3   
             --------------
                       static uint8 imu660rb_read_register(uint8 reg)
                       {
                               uint8 dat;
                               IMU660RB_CS(0);
                               dat = spi_read_8bit_register(IMU660RB_SPI, reg | IMU660RB_SPI_R);
                               IMU660RB_CS(1);
                               return dat;
                       }
               
                       //------------------------------------------------------------------------------------------------------
             --------------
                       // 函数简介     IMU660RB 读数据
                       // 参数说明     reg             寄存器地址
                       // 参数说明     dat            数据缓冲区
                       // 参数说明     len             数据长度
                       // 返回参数     void
                       // 使用示例     imu660rb_read_registers(IMU660RB_ACC_ADDRESS, dat, 6);
                       // 备注信息     内部调用
                       //------------------------------------------------------------------------------------------------------
             --------------
                       static void imu660rb_read_registers(uint8 reg, uint8 *dat, uint32 len)
                       {
                               IMU660RB_CS(0);
                               spi_read_8bit_registers(IMU660RB_SPI, reg | IMU660RB_SPI_R, dat, len);
                               IMU660RB_CS(1);
               
                       }
               
               #elif (IMU660RB_USE_INTERFACE==SOFT_SPI)
  138                  
  139                  
  140                  #define IMU660RB_SCK(x)                         IMU660RB_SPC_PIN  = x
  141                  #define IMU660RB_MOSI(x)                        IMU660RB_SDI_PIN = x
  142                  #define IMU660RB_MISO                           IMU660RB_SDO_PIN
  143                  #define IMU660RB_CS(x)                          IMU660RB_CS_PIN  = x
  144          
  145                  //------------------------------------------------------------------------------------------------------
             --------------
  146                  //  @brief      通过SPI写一个byte,同时读取一个byte
  147                  //  @param      byte        发送的数据
  148                  //  @return     uint8 edata       return 返回status状态
  149                  //  @since      v1.0
  150                  //  Sample usage:
  151                  //------------------------------------------------------------------------------------------------------
             --------------
  152                  static uint8 imu660rb_simspi_wr_byte(uint8 byte)
  153                  {
  154   1                      uint8 i;
  155   1                      for(i=0; i<8; i++)
  156   1                      {
  157   2                              IMU660RB_SCK (0);
  158   2                              IMU660RB_MOSI(byte&0x80);
  159   2                              byte <<= 1;
  160   2                              IMU660RB_SCK (1);
  161   2                              byte |= IMU660RB_MISO;
  162   2                      }
  163   1                      IMU660RB_SCK (0);
  164   1                      return(byte);
  165   1              }
  166                  
  167                  //------------------------------------------------------------------------------------------------------
             --------------
  168                  //  @brief      将val写入cmd对应的寄存器地址,同时返回status字节
  169                  //  @param      cmd         命令字
  170                  //  @param      val         待写入寄存器的数值

C251 COMPILER V5.60.0,  zf_device_imu660rb                                                 24/01/26  11:15:49  PAGE 4   
  171                  //  @since      v1.0
  172                  //  Sample usage:
  173                  //------------------------------------------------------------------------------------------------------
             --------------
  174                  static void imu660rb_simspi_w_reg_byte(uint8 cmd, uint8 val)
  175                  {
  176   1                      cmd |= IMU660RB_SPI_W;
  177   1                      imu660rb_simspi_wr_byte(cmd);
  178   1                      imu660rb_simspi_wr_byte(val);
  179   1              }
  180          
  181                  //------------------------------------------------------------------------------------------------------
             --------------
  182                  //  @brief      读取cmd所对应的寄存器地址
  183                  //  @param      cmd         命令字
  184                  //  @param      *val        存储读取的数据地址
  185                  //  @since      v1.0
  186                  //  Sample usage:
  187                  //------------------------------------------------------------------------------------------------------
             --------------
  188                  static void imu660rb_simspi_r_reg_byte(uint8 cmd, uint8 *val)
  189                  {
  190   1                      IMU660RB_SCK(0);
  191   1                      cmd |= IMU660RB_SPI_R;
  192   1                      imu660rb_simspi_wr_byte(cmd);
  193   1                      *val = imu660rb_simspi_wr_byte(0);
  194   1                      IMU660RB_SCK(1);
  195   1              }
  196                  
  197          
  198          //      //----------------------------------------------------------------------------------------------------
             ----------------
  199          //      //  @brief      将val写入cmd对应的寄存器地址
  200          //      //  @param      cmd         命令字
  201          //      //  @param      val         待写入寄存器的数值
  202          //      //  @since      v1.0
  203          //      //  Sample usage:
  204          //      //----------------------------------------------------------------------------------------------------
             ----------------
  205          //      static void imu660rb_simspi_w_reg_bytes(uint8 cmd, uint8 *dat_addr, uint32 len)
  206          //      {
  207          //              cmd |= IMU660RB_SPI_W;
  208          //              imu660rb_simspi_wr_byte(cmd);
  209          //              while(len--)
  210          //              {
  211          //                      imu660rb_simspi_wr_byte(*dat_addr++);
  212          //              }
  213          //      }
  214          
  215                  //------------------------------------------------------------------------------------------------------
             --------------
  216                  //  @brief      读取cmd所对应的寄存器地址
  217                  //  @param      cmd         命令字
  218                  //  @param      *val        存储读取的数据地址
  219                  //  @param      num         读取的数量
  220                  //  @since      v1.0
  221                  //  Sample usage:
  222                  //------------------------------------------------------------------------------------------------------
             --------------
  223                  static void imu660rb_simspi_r_reg_bytes(uint8 cmd, uint8 *val, uint32 num)
  224                  {
  225   1                      cmd |= IMU660RB_SPI_R;
  226   1                      imu660rb_simspi_wr_byte(cmd);
  227   1                      while(num--)
  228   1                      {
  229   2                              *val++ = imu660rb_simspi_wr_byte(0);

C251 COMPILER V5.60.0,  zf_device_imu660rb                                                 24/01/26  11:15:49  PAGE 5   
  230   2                      }
  231   1              }
  232                  
  233                  //------------------------------------------------------------------------------------------------------
             --------------
  234                  // 函数简介     IMU660RB 写寄存器
  235                  // 参数说明     reg             寄存器地址
  236                  // 参数说明     dat            数据
  237                  // 返回参数     void
  238                  // 使用示例     imu660rb_write_register(IMU660RB_PWR_CONF, 0x00);                   // 关闭高级省电模式
  239                  // 备注信息     内部调用
  240                  //------------------------------------------------------------------------------------------------------
             --------------
  241                  static void imu660rb_write_register(uint8 reg, uint8 dat)
  242                  {
  243   1                      IMU660RB_CS(0);
  244   1                      imu660rb_simspi_w_reg_byte(reg | IMU660RB_SPI_W, dat);
  245   1                      IMU660RB_CS(1);
  246   1              }
  247          
  248                  //------------------------------------------------------------------------------------------------------
             --------------
  249                  // 函数简介     IMU660RB 读寄存器
  250                  // 参数说明     reg             寄存器地址
  251                  // 返回参数     uint8           数据
  252                  // 使用示例     imu660rb_read_register(IMU660RB_CHIP_ID);
  253                  // 备注信息     内部调用
  254                  //------------------------------------------------------------------------------------------------------
             --------------
  255                  static uint8 imu660rb_read_register(uint8 reg)
  256                  {
  257   1                      uint8 dat;
  258   1                      IMU660RB_CS(0);
  259   1                      imu660rb_simspi_r_reg_byte(reg | IMU660RB_SPI_R, &dat);
  260   1                      IMU660RB_CS(1);
  261   1                      return dat;
  262   1              }
  263          
  264                  //------------------------------------------------------------------------------------------------------
             --------------
  265                  // 函数简介     IMU660RB 读数据
  266                  // 参数说明     reg             寄存器地址
  267                  // 参数说明     dat            数据缓冲区
  268                  // 参数说明     len             数据长度
  269                  // 返回参数     void
  270                  // 使用示例     imu660rb_read_registers(IMU660RB_ACC_ADDRESS, dat, 6);
  271                  // 备注信息     内部调用
  272                  //------------------------------------------------------------------------------------------------------
             --------------
  273                  static void imu660rb_read_registers(uint8 reg, uint8 *dat, uint32 len)
  274                  {
  275   1                      IMU660RB_CS(0);
  276   1                      imu660rb_simspi_r_reg_bytes(reg | IMU660RB_SPI_R, dat, len);
  277   1                      IMU660RB_CS(1);
  278   1              }
  279                  
  280                  
  281          
  282          #elif (IMU660RB_USE_INTERFACE==SOFT_IIC)
                       
                       static soft_iic_info_struct imu660rb_iic_struct;
               
                       #define imu660rb_write_register(reg, dat)        (soft_iic_write_8bit_register (&imu660rb_iic_struct, (r
             -eg), (dat)))
                       #define imu660rb_write_registers(reg, dat, len)  (soft_iic_write_8bit_registers(&imu660rb_iic_struct, (r
             -eg), (dat), (len)))

C251 COMPILER V5.60.0,  zf_device_imu660rb                                                 24/01/26  11:15:49  PAGE 6   
                       #define imu660rb_read_register(reg)               (soft_iic_read_8bit_register  (&imu660rb_iic_struct, (
             -reg)))
                       #define imu660rb_read_registers(reg, dat, len)   (soft_iic_read_8bit_registers (&imu660rb_iic_struct, (r
             -eg), (dat), (len)))
               
               #endif
  292          
  293          //-------------------------------------------------------------------------------------------------------
             -------------
  294          // 函数简介     IMU660RB 自检
  295          // 参数说明     void
  296          // 返回参数     uint8           1-自检失败 0-自检成功
  297          // 使用示例     imu660rb_self_check();
  298          // 备注信息     内部调用
  299          //-------------------------------------------------------------------------------------------------------
             -------------
  300          static uint8 imu660rb_self_check (void)
  301          {
  302   1          uint8 dat = 0, return_state = 0;
  303   1          uint16 timeout_count = 0;
  304   1          do
  305   1          {
  306   2              if(timeout_count ++ > IMU660RB_TIMEOUT_COUNT)
  307   2              {
  308   3                  return_state =  1;
  309   3                  break;
  310   3              }
  311   2              dat = imu660rb_read_register(IMU660RB_CHIP_ID);
  312   2              system_delay_ms(1);
  313   2          }while(0x6B != dat);                                                        // 读取设备ID是否等于0X24
             -，如果不是0X24则认为没检测到设备
  314   1          return return_state;
  315   1      }
  316          
  317          //-------------------------------------------------------------------------------------------------------
             -------------
  318          // 函数简介     获取 IMU660RB 加速度计数据
  319          // 参数说明     void
  320          // 返回参数     void
  321          // 使用示例     imu660rb_get_acc();                                             // 执行该函数后，直接查看
             -对应的变量即可
  322          // 备注信息     使用 SPI 的采集时间为69us
  323          //             使用 IIC 的采集时间为126us        采集加速度计的时间与采集陀螺仪的时间一致的原因是都只是读
             -取寄存器数据
  324          //-------------------------------------------------------------------------------------------------------
             -------------
  325          void imu660rb_get_acc (void)
  326          {
  327   1          uint8 dat[6];
  328   1      
  329   1          imu660rb_read_registers(IMU660RB_ACC_ADDRESS, dat, 6);
  330   1          imu660rb_acc_x = (int16)(((uint16)dat[1]<<8 | dat[0]));
  331   1          imu660rb_acc_y = (int16)(((uint16)dat[3]<<8 | dat[2]));
  332   1          imu660rb_acc_z = (int16)(((uint16)dat[5]<<8 | dat[4]));
  333   1      }
  334          //-------------------------------------------------------------------------------------------------------
             -------------
  335          // 函数简介     获取 IMU660RB 陀螺仪数据
  336          // 参数说明     void
  337          // 返回参数     void
  338          // 使用示例     imu660rb_get_gyro();                                            // 执行该函数后，直接查看
             -对应的变量即可
  339          // 备注信息     使用 SPI 的采集时间为69us
  340          //             使用 IIC 的采集时间为126us
  341          //-------------------------------------------------------------------------------------------------------
             -------------

C251 COMPILER V5.60.0,  zf_device_imu660rb                                                 24/01/26  11:15:49  PAGE 7   
  342          void imu660rb_get_gyro (void)
  343          {
  344   1          uint8 dat[6];
  345   1      
  346   1          imu660rb_read_registers(IMU660RB_GYRO_ADDRESS, dat, 6);
  347   1          imu660rb_gyro_x = (int16)(((uint16)dat[1]<<8 | dat[0]));
  348   1          imu660rb_gyro_y = (int16)(((uint16)dat[3]<<8 | dat[2]));
  349   1          imu660rb_gyro_z = (int16)(((uint16)dat[5]<<8 | dat[4]));
  350   1      }
  351          
  352          //-------------------------------------------------------------------------------------------------------
             -------------
  353          // 函数简介     将 IMU660RB 加速度计数据转换为实际物理数据
  354          // 参数说明     gyro_value      任意轴的加速度计数据
  355          // 返回参数     void
  356          // 使用示例     float dat = imu660rb_acc_transition(imu660rb_acc_x);           // 单位为 g(m/s^2)
  357          // 备注信息
  358          //-------------------------------------------------------------------------------------------------------
             -------------
  359          float imu660rb_acc_transition (int16 acc_value)
  360          {
  361   1          float acc_data = 0;
  362   1          switch(IMU660RB_ACC_SAMPLE)
  363   1          {
  364   2              case 0x30: acc_data = (float)acc_value / 16393; break;                  // 0x30 加速度量程为:±2G
             -      获取到的加速度计数据 除以 16393 ，可以转化为带物理单位的数据，单位：g(m/s^2)
  365   2              case 0x38: acc_data = (float)acc_value / 8197;  break;                  // 0x38 加速度量程为:±4G
             -      获取到的加速度计数据 除以 8197 ， 可以转化为带物理单位的数据，单位：g(m/s^2)
  366   2              case 0x3C: acc_data = (float)acc_value / 4098;  break;                  // 0x3C 加速度量程为:±8G
             -      获取到的加速度计数据 除以 4098 ， 可以转化为带物理单位的数据，单位：g(m/s^2)
  367   2              case 0x34: acc_data = (float)acc_value / 2049;  break;                  // 0x34 加速度量程为:±16
             -G     获取到的加速度计数据 除以 2049 ， 可以转化为带物理单位的数据，单位：g(m/s^2)
  368   2              default: break;
  369   2          }
  370   1          return acc_data;
  371   1      }
  372          
  373          //-------------------------------------------------------------------------------------------------------
             -------------
  374          // 函数简介     将 IMU660RB 陀螺仪数据转换为实际物理数据
  375          // 参数说明     gyro_value      任意轴的陀螺仪数据
  376          // 返回参数     void
  377          // 使用示例     float dat = imu660rb_gyro_transition(imu660rb_gyro_x);         // 单位为°/s
  378          // 备注信息
  379          //-------------------------------------------------------------------------------------------------------
             -------------
  380          float imu660rb_gyro_transition (int16 gyro_value)
  381          {
  382   1          float gyro_data = 0;
  383   1          switch(IMU660RB_GYR_SAMPLE)
  384   1          {
  385   2              case 0x52: gyro_data = (float)gyro_value / 228.6f;  break;              //  0x52 陀螺仪量程为:±1
             -25dps  获取到的陀螺仪数据除以 228.6，   可以转化为带物理单位的数据，单位为：°/s
  386   2              case 0x50: gyro_data = (float)gyro_value / 114.3f;  break;              //  0x50 陀螺仪量程为:±2
             -50dps  获取到的陀螺仪数据除以 114.3，   可以转化为带物理单位的数据，单位为：°/s
  387   2              case 0x54: gyro_data = (float)gyro_value / 57.1f;   break;              //  0x54 陀螺仪量程为:±5
             -00dps  获取到的陀螺仪数据除以 57.1，    可以转化为带物理单位的数据，单位为：°/s
  388   2              case 0x58: gyro_data = (float)gyro_value / 28.6f;   break;              //  0x58 陀螺仪量程为:±1
             -000dps 获取到的陀螺仪数据除以 28.6，    可以转化为带物理单位的数据，单位为：°/s
  389   2              case 0x5C: gyro_data = (float)gyro_value / 14.3f;   break;              //  0x5C 陀螺仪量程为:±2
             -000dps 获取到的陀螺仪数据除以 14.3，    可以转化为带物理单位的数据，单位为：°/s
  390   2              case 0x51: gyro_data = (float)gyro_value / 7.1f;    break;              //  0x51 陀螺仪量程为:±4
             -000dps 获取到的陀螺仪数据除以 7.1，     可以转化为带物理单位的数据，单位为：°/s
  391   2              default: break;
  392   2          }
  393   1          return gyro_data;

C251 COMPILER V5.60.0,  zf_device_imu660rb                                                 24/01/26  11:15:49  PAGE 8   
  394   1      }
  395          
  396          //-------------------------------------------------------------------------------------------------------
             -------------
  397          // 函数简介     初始化 IMU660RB
  398          // 参数说明     void
  399          // 返回参数     uint8           1-初始化失败 0-初始化成功
  400          // 使用示例     imu660rb_init();
  401          // 备注信息
  402          //-------------------------------------------------------------------------------------------------------
             -------------
  403          uint8 imu660rb_init (void)
  404          {
  405   1          uint8 return_state = 0;
  406   1          system_delay_ms(20);                                                        // 等待设备上电成功
  407   1      
  408   1      #if (IMU660RB_USE_INTERFACE==HARDWARE_SPI)
                       
                   spi_init(IMU660RB_SPI, SPI_MODE0, IMU660RB_SPI_SPEED, IMU660RB_SPC_PIN, IMU660RB_SDI_PIN, IMU660RB_SD
             -O_PIN, SPI_CS_NULL);   // 配置 IMU660RB 的 SPI 端口
                   gpio_init(IMU660RB_CS_PIN, GPO, GPIO_HIGH, GPO_PUSH_PULL);                  // 配置 IMU660RB 的 CS 端
             -口
               //    imu660rb_read_register(IMU660RB_CHIP_ID);                                   // 读取一下设备ID 将设?
             -干柚梦SPI模式
                       
               #elif (IMU660RB_USE_INTERFACE==SOFT_SPI)
  415   1              
  416   1      // 默认使用双向IO，不需要初始化。
  417   1      //      soft_spi_init(IMU660RB_SPI, SPI_MODE0, 0, IMU963RA_SPC_PIN, IMU963RA_SDI_PIN, IMU963RA_SDO_PIN, IMU963
             -RA_CS_PIN);
  418   1              
  419   1      #elif (IMU660RB_USE_INTERFACE==SOFT_IIC)
                       
                       soft_iic_init(&imu660rb_iic_struct, IMU660RB_DEV_ADDR, IMU660RB_SOFT_IIC_DELAY, IMU660RB_SCL_PIN, IMU660
             -RB_SDA_PIN);        // 配置 IMU660RB 的 IIC 端口
                       
               #endif
  424   1              
  425   1              
  426   1          do{
  427   2              if(imu660rb_self_check())                                               // IMU660RB 自检
  428   2              {
  429   3                  // 如果程序在输出了断言信息 并且提示出错位置在这里
  430   3                  // 那么就是 IMU660RB 自检出错并超时退出了
  431   3                  // 检查一下接线有没有问题 如果没问题可能就是坏了
  432   3                  printf("imu660rb self check error.");
  433   3                  return_state = 1;
  434   3                  break;
  435   3              }
  436   2      
  437   2              imu660rb_write_register(IMU660RB_INT1_CTRL, 0x03);                      // 开启陀螺仪 加速度数据?
             -托髦卸?
  438   2              imu660rb_write_register(IMU660RB_CTRL1_XL, IMU660RB_ACC_SAMPLE);        // 设置加速度计量程 ±8G 
             -以及数据输出速率 52hz 以及加速度信息从第一级滤波器输出
  439   2              // IMU660RB_CTRL1_XL 寄存器
  440   2              // 设置为:0x30 加速度量程为:±2G      获取到的加速度计数据 除以16393，可以转化为带物理单位的数据?
             -单位：g(m/s^2)
  441   2              // 设置为:0x38 加速度量程为:±4G      获取到的加速度计数据 除以8197， 可以转化为带物理单位的数据?
             -单位：g(m/s^2)
  442   2              // 设置为:0x3C 加速度量程为:±8G      获取到的加速度计数据 除以4098， 可以转化为带物理单位的数据?
             -单位：g(m/s^2)
  443   2              // 设置为:0x34 加速度量程为:±16G     获取到的加速度计数据 除以2049， 可以转化为带物理单位的数据?
             -单位：g(m/s^2)
  444   2      
  445   2              imu660rb_write_register(IMU660RB_CTRL2_G, IMU660RB_GYR_SAMPLE);         // 设置陀螺仪计量程 ±200
             -0dps 以及数据输出速率 208hz

C251 COMPILER V5.60.0,  zf_device_imu660rb                                                 24/01/26  11:15:49  PAGE 9   
  446   2              // IMU660RB_CTRL2_G 寄存器
  447   2              // 设置为:0x52 陀螺仪量程为:±125dps  获取到的陀螺仪数据除以228.6，   可以转化为带物理单位的数据?
             -单位为：?s
  448   2              // 设置为:0x50 陀螺仪量程为:±250dps  获取到的陀螺仪数据除以114.3，   可以转化为带物理单位的数据?
             -单位为：?s
  449   2              // 设置为:0x54 陀螺仪量程为:±500dps  获取到的陀螺仪数据除以57.1，    可以转化为带物理单位的数据?
             -单位为：?s
  450   2              // 设置为:0x58 陀螺仪量程为:±1000dps 获取到的陀螺仪数据除以28.6，    可以转化为带物理单位的数据?
             -单位为：?s
  451   2              // 设置为:0x5C 陀螺仪量程为:±2000dps 获取到的陀螺仪数据除以14.3，    可以转化为带物理单位的数据?
             -单位为：?s
  452   2              // 设置为:0x51 陀螺仪量程为:±4000dps 获取到的陀螺仪数据除以7.1，     可以转化为带物理单位的数据?
             -单位为：?s
  453   2      
  454   2              imu660rb_write_register(IMU660RB_CTRL3_C, 0x44);                        // 使能陀螺仪数字低通滤波
             -器
  455   2              imu660rb_write_register(IMU660RB_CTRL4_C, 0x02);                        // 使能数字低通滤波器
  456   2              imu660rb_write_register(IMU660RB_CTRL5_C, 0x00);                        // 加速度计与陀螺仪四舍五
             -入
  457   2              imu660rb_write_register(IMU660RB_CTRL6_C, 0x00);                        // 开启加速度计高性能模式
             - 陀螺仪低通滤波 133hz
  458   2              imu660rb_write_register(IMU660RB_CTRL7_G, 0x00);                        // 开启陀螺仪高性能模式 ?
             -乇崭咄滤?
  459   2              imu660rb_write_register(IMU660RB_CTRL9_XL, 0x01);                       // 关闭I3C接口
  460   2      
  461   2          }while(0);
  462   1          return return_state;
  463   1      }
  464          
  465          


Module Information          Static   Overlayable
------------------------------------------------
  code size            =      1247     ------
  ecode size           =    ------     ------
  data size            =    ------     ------
  idata size           =    ------     ------
  pdata size           =    ------     ------
  xdata size           =        72     ------
  xdata-const size     =    ------     ------
  edata size           =    ------     ------
  bit size             =    ------     ------
  ebit size            =    ------     ------
  bitaddressable size  =    ------     ------
  ebitaddressable size =    ------     ------
  far data size        =    ------     ------
  huge data size       =    ------     ------
  const size           =    ------     ------
  hconst size          =        69     ------
End of Module Information.


C251 COMPILATION COMPLETE.  0 WARNING(S),  0 ERROR(S)

